Get:1 file:/etc/apt/apt-mirrors.txt Mirrorlist [144 B]
Hit:2 http://azure.archive.ubuntu.com/ubuntu noble InRelease
Hit:3 http://azure.archive.ubuntu.com/ubuntu noble-updates InRelease
Hit:4 http://azure.archive.ubuntu.com/ubuntu noble-backports InRelease
Hit:5 http://azure.archive.ubuntu.com/ubuntu noble-security InRelease
Hit:6 https://packages.microsoft.com/repos/azure-cli noble InRelease
Hit:7 https://packages.microsoft.com/ubuntu/24.04/prod noble InRelease
Reading package lists...
Reading package lists...
Building dependency tree...
Reading state information...
libblas-dev is already the newest version (3.12.0-3build1.1).
liblapack-dev is already the newest version (3.12.0-3build1.1).
gfortran is already the newest version (4:13.2.0-7ubuntu1).
0 upgraded, 0 newly installed, 0 to remove and 32 not upgraded.
Error in `countToTpm()`:
! nrow(counts) == length(geneLength) is not TRUE
Backtrace:
    ▆
 1. └─global countToTpm(countMatrix, geneLengths)
 2.   └─base::stopifnot(nrow(counts) == length(geneLength))

Quitting from FigureYa203ComBat.Rmd:122-187 [unnamed-chunk-3]
Execution halted
