Starting R package installation...
===========================================

Installing CRAN packages...
Installing CRAN package: viridis 
Installing package into ‘/home/runner/work/_temp/Library’
(as ‘lib’ is unspecified)
also installing the dependencies ‘gridExtra’, ‘hexbin’, ‘dichromat’, ‘mapproj’, ‘vdiffr’, ‘svglite’, ‘maps’, ‘terra’

trying URL 'https://cloud.r-project.org/src/contrib/gridExtra_2.3.tar.gz'
trying URL 'https://cloud.r-project.org/src/contrib/hexbin_1.28.5.tar.gz'
trying URL 'https://cloud.r-project.org/src/contrib/dichromat_2.0-0.1.tar.gz'
trying URL 'https://cloud.r-project.org/src/contrib/mapproj_1.2.12.tar.gz'
trying URL 'https://cloud.r-project.org/src/contrib/vdiffr_1.0.8.tar.gz'
trying URL 'https://cloud.r-project.org/src/contrib/svglite_2.2.1.tar.gz'
trying URL 'https://cloud.r-project.org/src/contrib/maps_3.4.3.tar.gz'
trying URL 'https://cloud.r-project.org/src/contrib/terra_1.8-70.tar.gz'
trying URL 'https://cloud.r-project.org/src/contrib/viridis_0.6.5.tar.gz'
* installing *source* package ‘gridExtra’ ...
** this is package ‘gridExtra’ version ‘2.3’
** package ‘gridExtra’ successfully unpacked and MD5 sums checked
** using staged installation
** R
** inst
** byte-compile and prepare package for lazy loading
** help
*** installing help indices
** building package indices
** installing vignettes
** testing if installed package can be loaded from temporary location
** testing if installed package can be loaded from final location
** testing if installed package keeps a record of temporary installation path
* DONE (gridExtra)
* installing *source* package ‘hexbin’ ...
** this is package ‘hexbin’ version ‘1.28.5’
** package ‘hexbin’ successfully unpacked and MD5 sums checked
** using staged installation
** libs
using C compiler: ‘gcc (Ubuntu 13.3.0-6ubuntu2~24.04) 13.3.0’
using Fortran compiler: ‘GNU Fortran (Ubuntu 13.3.0-6ubuntu2~24.04) 13.3.0’
gfortran  -fpic  -g -O2  -c hbin.f -o hbin.o
gfortran  -fpic  -g -O2  -c hcell.f -o hcell.o
gfortran  -fpic  -g -O2  -c herode.f -o herode.o
gfortran  -fpic  -g -O2  -c hsm.f -o hsm.o
gcc -std=gnu2x -I"/opt/R/4.5.1/lib/R/include" -DNDEBUG   -I/usr/local/include    -fpic  -g -O2  -c reg.c -o reg.o
gcc -std=gnu2x -shared -L/opt/R/4.5.1/lib/R/lib -L/usr/local/lib -o hexbin.so hbin.o hcell.o herode.o hsm.o reg.o -lgfortran -lm -lquadmath -L/opt/R/4.5.1/lib/R/lib -lR
installing to /home/runner/work/_temp/Library/00LOCK-hexbin/00new/hexbin/libs
** R
** data
** inst
** byte-compile and prepare package for lazy loading
** help
*** installing help indices
** building package indices
** installing vignettes
** testing if installed package can be loaded from temporary location
** checking absolute paths in shared objects and dynamic libraries
** testing if installed package can be loaded from final location
** testing if installed package keeps a record of temporary installation path
* DONE (hexbin)
* installing *source* package ‘dichromat’ ...
** this is package ‘dichromat’ version ‘2.0-0.1’
** package ‘dichromat’ successfully unpacked and MD5 sums checked
** using staged installation
** R
** data
** byte-compile and prepare package for lazy loading
** help
*** installing help indices
** building package indices
** testing if installed package can be loaded from temporary location
** testing if installed package can be loaded from final location
** testing if installed package keeps a record of temporary installation path
* DONE (dichromat)
* installing *source* package ‘vdiffr’ ...
** this is package ‘vdiffr’ version ‘1.0.8’
** package ‘vdiffr’ successfully unpacked and MD5 sums checked
** using staged installation
** libs
using C++ compiler: ‘g++ (Ubuntu 13.3.0-6ubuntu2~24.04) 13.3.0’
using C++11
g++ -std=gnu++11 -I"/opt/R/4.5.1/lib/R/include" -DNDEBUG  -I'/home/runner/work/_temp/Library/cpp11/include' -I/usr/local/include    -fpic  -g -O2   -c compare.cpp -o compare.o
g++ -std=gnu++11 -I"/opt/R/4.5.1/lib/R/include" -DNDEBUG  -I'/home/runner/work/_temp/Library/cpp11/include' -I/usr/local/include    -fpic  -g -O2   -c cpp11.cpp -o cpp11.o
g++ -std=gnu++11 -I"/opt/R/4.5.1/lib/R/include" -DNDEBUG  -I'/home/runner/work/_temp/Library/cpp11/include' -I/usr/local/include    -fpic  -g -O2   -c devSVG.cpp -o devSVG.o
g++ -std=gnu++11 -I"/opt/R/4.5.1/lib/R/include" -DNDEBUG  -I'/home/runner/work/_temp/Library/cpp11/include' -I/usr/local/include    -fpic  -g -O2   -c engine_version.cpp -o engine_version.o
g++ -std=gnu++11 -shared -L/opt/R/4.5.1/lib/R/lib -L/usr/local/lib -o vdiffr.so compare.o cpp11.o devSVG.o engine_version.o -lpng -lz -L/opt/R/4.5.1/lib/R/lib -lR
installing to /home/runner/work/_temp/Library/00LOCK-vdiffr/00new/vdiffr/libs
** R
** inst
** byte-compile and prepare package for lazy loading
** help
*** installing help indices
*** copying figures
** building package indices
** testing if installed package can be loaded from temporary location
** checking absolute paths in shared objects and dynamic libraries
** testing if installed package can be loaded from final location
** testing if installed package keeps a record of temporary installation path
* DONE (vdiffr)
* installing *source* package ‘svglite’ ...
** this is package ‘svglite’ version ‘2.2.1’
** package ‘svglite’ successfully unpacked and MD5 sums checked
** using staged installation
** libs
using C++ compiler: ‘g++ (Ubuntu 13.3.0-6ubuntu2~24.04) 13.3.0’
g++ -std=gnu++17 -I"/opt/R/4.5.1/lib/R/include" -DNDEBUG  -I'/home/runner/work/_temp/Library/cpp11/include' -I'/home/runner/work/_temp/Library/systemfonts/include' -I'/home/runner/work/_temp/Library/textshaping/include' -I/usr/local/include    -fpic  -g -O2   -c SvgStream.cpp -o SvgStream.o
g++ -std=gnu++17 -I"/opt/R/4.5.1/lib/R/include" -DNDEBUG  -I'/home/runner/work/_temp/Library/cpp11/include' -I'/home/runner/work/_temp/Library/systemfonts/include' -I'/home/runner/work/_temp/Library/textshaping/include' -I/usr/local/include    -fpic  -g -O2   -c cpp11.cpp -o cpp11.o
g++ -std=gnu++17 -I"/opt/R/4.5.1/lib/R/include" -DNDEBUG  -I'/home/runner/work/_temp/Library/cpp11/include' -I'/home/runner/work/_temp/Library/systemfonts/include' -I'/home/runner/work/_temp/Library/textshaping/include' -I/usr/local/include    -fpic  -g -O2   -c devSVG.cpp -o devSVG.o
g++ -std=gnu++17 -shared -L/opt/R/4.5.1/lib/R/lib -L/usr/local/lib -o svglite.so SvgStream.o cpp11.o devSVG.o -lpng -lz -L/opt/R/4.5.1/lib/R/lib -lR
installing to /home/runner/work/_temp/Library/00LOCK-svglite/00new/svglite/libs
** R
** inst
** byte-compile and prepare package for lazy loading
** help
*** installing help indices
*** copying figures
** building package indices
** installing vignettes
** testing if installed package can be loaded from temporary location
** checking absolute paths in shared objects and dynamic libraries
** testing if installed package can be loaded from final location
** testing if installed package keeps a record of temporary installation path
* DONE (svglite)
* installing *source* package ‘maps’ ...
** this is package ‘maps’ version ‘3.4.3’
** package ‘maps’ successfully unpacked and MD5 sums checked
** using staged installation
checking for gawk... gawk
configure: creating ./config.status
config.status: creating src/Makefile
** libs
make -f "/opt/R/4.5.1/lib/R/etc/Makeconf" -f Makefile init.o mapclip.o mapget.o smooth.o thin.o 
make[1]: Entering directory '/tmp/Rtmpx2kWTv/R.INSTALL1144f6c295e40/maps/src'
gcc -std=gnu2x -I"/opt/R/4.5.1/lib/R/include" -DNDEBUG   -I/usr/local/include    -fpic  -g -O2  -c init.c -o init.o
gcc -std=gnu2x -I"/opt/R/4.5.1/lib/R/include" -DNDEBUG   -I/usr/local/include    -fpic  -g -O2  -c mapclip.c -o mapclip.o
gcc -std=gnu2x -I"/opt/R/4.5.1/lib/R/include" -DNDEBUG   -I/usr/local/include    -fpic  -g -O2  -c mapget.c -o mapget.o
gcc -std=gnu2x -I"/opt/R/4.5.1/lib/R/include" -DNDEBUG   -I/usr/local/include    -fpic  -g -O2  -c smooth.c -o smooth.o
gcc -std=gnu2x -I"/opt/R/4.5.1/lib/R/include" -DNDEBUG   -I/usr/local/include    -fpic  -g -O2  -c thin.c -o thin.o
make[1]: Leaving directory '/tmp/Rtmpx2kWTv/R.INSTALL1144f6c295e40/maps/src'
"/opt/R/4.5.1/lib/R/bin/R" CMD SHLIB -o maps.so init.o mapclip.o mapget.o smooth.o thin.o 
make[1]: Entering directory '/tmp/Rtmpx2kWTv/R.INSTALL1144f6c295e40/maps/src'
gcc -std=gnu2x -shared -L/opt/R/4.5.1/lib/R/lib -L/usr/local/lib -o maps.so init.o mapclip.o mapget.o smooth.o thin.o -L/opt/R/4.5.1/lib/R/lib -lR
make[1]: Leaving directory '/tmp/Rtmpx2kWTv/R.INSTALL1144f6c295e40/maps/src'
make -f "/opt/R/4.5.1/lib/R/etc/Makeconf" -f Makefile Gmake
make[1]: Entering directory '/tmp/Rtmpx2kWTv/R.INSTALL1144f6c295e40/maps/src'
gcc -std=gnu2x -g -O2  -I/usr/local/include -L/usr/local/lib  Gmake.c   -o Gmake
make[1]: Leaving directory '/tmp/Rtmpx2kWTv/R.INSTALL1144f6c295e40/maps/src'
make -f "/opt/R/4.5.1/lib/R/etc/Makeconf" -f Makefile Lmake
make[1]: Entering directory '/tmp/Rtmpx2kWTv/R.INSTALL1144f6c295e40/maps/src'
gcc -std=gnu2x -g -O2  -I/usr/local/include -L/usr/local/lib  Lmake.c   -o Lmake
make[1]: Leaving directory '/tmp/Rtmpx2kWTv/R.INSTALL1144f6c295e40/maps/src'
make -f "/opt/R/4.5.1/lib/R/etc/Makeconf" -f Makefile world2.line
make[1]: Entering directory '/tmp/Rtmpx2kWTv/R.INSTALL1144f6c295e40/maps/src'
Converting world to world2
gawk -f ./convert.awk < world.line > world2.line
make[1]: Leaving directory '/tmp/Rtmpx2kWTv/R.INSTALL1144f6c295e40/maps/src'
make -f "/opt/R/4.5.1/lib/R/etc/Makeconf" -f Makefile county.L state.L usa.L nz.L world.L world2.L italy.L france.L state.vbm.L state.carto.L lakes.L
make[1]: Entering directory '/tmp/Rtmpx2kWTv/R.INSTALL1144f6c295e40/maps/src'
./Lmake 0 s b county.line county.linestats ../inst/mapdata/county.L
./Lmake 0 s b state.line state.linestats ../inst/mapdata/state.L
./Lmake 0 s b usa.line usa.linestats ../inst/mapdata/usa.L
./Lmake 0 s b nz.line nz.linestats ../inst/mapdata/nz.L
./Lmake 0 s b world.line world.linestats ../inst/mapdata/world.L
./Lmake 0 s b world2.line world2.linestats ../inst/mapdata/world2.L
./Lmake 0 s b italy.line italy.linestats ../inst/mapdata/italy.L
./Lmake 0 s b france.line france.linestats ../inst/mapdata/france.L
./Lmake 0 p b state.vbm.line state.vbm.linestats ../inst/mapdata/state.vbm.L
./Lmake 0 p b state.carto.line state.carto.linestats ../inst/mapdata/state.carto.L
./Lmake 0 s b lakes.line lakes.linestats ../inst/mapdata/lakes.L
make[1]: Leaving directory '/tmp/Rtmpx2kWTv/R.INSTALL1144f6c295e40/maps/src'
make -f "/opt/R/4.5.1/lib/R/etc/Makeconf" -f Makefile county.G state.G usa.G nz.G world.G world2.G italy.G france.G state.vbm.G state.carto.G lakes.G
make[1]: Entering directory '/tmp/Rtmpx2kWTv/R.INSTALL1144f6c295e40/maps/src'
./Gmake b county.gon county.gonstats ../inst/mapdata/county.G ../inst/mapdata/county.L
./Gmake b state.gon state.gonstats ../inst/mapdata/state.G ../inst/mapdata/state.L
./Gmake b usa.gon usa.gonstats ../inst/mapdata/usa.G ../inst/mapdata/usa.L
./Gmake b nz.gon nz.gonstats ../inst/mapdata/nz.G ../inst/mapdata/nz.L
./Gmake b world.gon world.gonstats ../inst/mapdata/world.G ../inst/mapdata/world.L
./Gmake b world2.gon world2.gonstats ../inst/mapdata/world2.G ../inst/mapdata/world2.L
./Gmake b italy.gon italy.gonstats ../inst/mapdata/italy.G ../inst/mapdata/italy.L
./Gmake b france.gon france.gonstats ../inst/mapdata/france.G ../inst/mapdata/france.L
./Gmake b state.vbm.gon state.vbm.gonstats ../inst/mapdata/state.vbm.G ../inst/mapdata/state.vbm.L
./Gmake b state.carto.gon state.carto.gonstats ../inst/mapdata/state.carto.G ../inst/mapdata/state.carto.L
./Gmake b lakes.gon lakes.gonstats ../inst/mapdata/lakes.G ../inst/mapdata/lakes.L
make[1]: Leaving directory '/tmp/Rtmpx2kWTv/R.INSTALL1144f6c295e40/maps/src'
make -f "/opt/R/4.5.1/lib/R/etc/Makeconf" -f Makefile county.N state.N usa.N nz.N world.N world2.N italy.N france.N state.vbm.N state.carto.N lakes.N
make[1]: Entering directory '/tmp/Rtmpx2kWTv/R.INSTALL1144f6c295e40/maps/src'
make[1]: Leaving directory '/tmp/Rtmpx2kWTv/R.INSTALL1144f6c295e40/maps/src'
installing to /home/runner/work/_temp/Library/00LOCK-maps/00new/maps/libs
** R
** data
*** moving datasets to lazyload DB
** inst
** byte-compile and prepare package for lazy loading
** help
*** installing help indices
** building package indices
** testing if installed package can be loaded from temporary location
** checking absolute paths in shared objects and dynamic libraries
** testing if installed package can be loaded from final location
** testing if installed package keeps a record of temporary installation path
* DONE (maps)
* installing *source* package ‘terra’ ...
** this is package ‘terra’ version ‘1.8-70’
** package ‘terra’ successfully unpacked and MD5 sums checked
** using staged installation
configure: CC: gcc -std=gnu2x
configure: CXX: g++ -std=gnu++17
checking for gdal-config... /usr/bin/gdal-config
checking gdal-config usability... yes
configure: GDAL: 3.8.4
checking GDAL version >= 2.0.1... yes
checking for gcc... gcc -std=gnu2x
checking whether the C compiler works... yes
checking for C compiler default output file name... a.out
checking for suffix of executables... 
checking whether we are cross compiling... no
checking for suffix of object files... o
checking whether the compiler supports GNU C... yes
checking whether gcc -std=gnu2x accepts -g... yes
checking for gcc -std=gnu2x option to enable C11 features... none needed
checking for stdio.h... yes
checking for stdlib.h... yes
checking for string.h... yes
checking for inttypes.h... yes
checking for stdint.h... yes
checking for strings.h... yes
checking for sys/stat.h... yes
checking for sys/types.h... yes
checking for unistd.h... yes
checking for gdal.h... yes
checking GDAL: linking with --libs only... yes
checking GDAL: /usr/share/gdal/pcs.csv readable... no
checking GDAL: checking whether PROJ is available for linking:... yes
checking GDAL: checking whether PROJ is available for running:... yes
configure: GDAL: 3.8.4
configure: pkg-config proj exists, will use it
configure: using proj.h.
configure: PROJ: 9.4.0
checking PROJ: checking whether PROJ and sqlite3 are available for linking:... yes
checking for geos-config... /usr/bin/geos-config
checking geos-config usability... yes
configure: GEOS: 3.12.1
checking GEOS version >= 3.4.0... yes
checking for geos_c.h... yes
checking geos: linking with -L/usr/lib/x86_64-linux-gnu -lgeos_c... yes
checking Intel TBB exists:... no
configure: WARNING: to support parallel processing install TBB devel or update the PKG_CONFIG_PATH environment variable
configure: Package CPP flags:  -I/usr/include/x86_64-linux-gnu -I/usr/include/webp  -DHAVE_PROJ_H -I/usr/include/gdal -I/usr/include 
configure: Package LIBS:  -lproj    -L/usr/lib/x86_64-linux-gnu -lgdal -L/usr/lib/x86_64-linux-gnu -lgeos_c
configure: creating ./config.status
config.status: creating src/Makevars
** libs
using C compiler: ‘gcc (Ubuntu 13.3.0-6ubuntu2~24.04) 13.3.0’
using C++ compiler: ‘g++ (Ubuntu 13.3.0-6ubuntu2~24.04) 13.3.0’
using C++17
g++ -std=gnu++17 -I"/opt/R/4.5.1/lib/R/include" -DNDEBUG -I/usr/include/x86_64-linux-gnu -I/usr/include/webp  -DHAVE_PROJ_H -I/usr/include/gdal -I/usr/include  -I'/home/runner/work/_temp/Library/Rcpp/include' -I/usr/local/include    -fpic  -g -O2   -c RcppExports.cpp -o RcppExports.o
g++ -std=gnu++17 -I"/opt/R/4.5.1/lib/R/include" -DNDEBUG -I/usr/include/x86_64-linux-gnu -I/usr/include/webp  -DHAVE_PROJ_H -I/usr/include/gdal -I/usr/include  -I'/home/runner/work/_temp/Library/Rcpp/include' -I/usr/local/include    -fpic  -g -O2   -c RcppFunctions.cpp -o RcppFunctions.o
g++ -std=gnu++17 -I"/opt/R/4.5.1/lib/R/include" -DNDEBUG -I/usr/include/x86_64-linux-gnu -I/usr/include/webp  -DHAVE_PROJ_H -I/usr/include/gdal -I/usr/include  -I'/home/runner/work/_temp/Library/Rcpp/include' -I/usr/local/include    -fpic  -g -O2   -c RcppModule.cpp -o RcppModule.o
g++ -std=gnu++17 -I"/opt/R/4.5.1/lib/R/include" -DNDEBUG -I/usr/include/x86_64-linux-gnu -I/usr/include/webp  -DHAVE_PROJ_H -I/usr/include/gdal -I/usr/include  -I'/home/runner/work/_temp/Library/Rcpp/include' -I/usr/local/include    -fpic  -g -O2   -c arith.cpp -o arith.o
g++ -std=gnu++17 -I"/opt/R/4.5.1/lib/R/include" -DNDEBUG -I/usr/include/x86_64-linux-gnu -I/usr/include/webp  -DHAVE_PROJ_H -I/usr/include/gdal -I/usr/include  -I'/home/runner/work/_temp/Library/Rcpp/include' -I/usr/local/include    -fpic  -g -O2   -c crs.cpp -o crs.o
g++ -std=gnu++17 -I"/opt/R/4.5.1/lib/R/include" -DNDEBUG -I/usr/include/x86_64-linux-gnu -I/usr/include/webp  -DHAVE_PROJ_H -I/usr/include/gdal -I/usr/include  -I'/home/runner/work/_temp/Library/Rcpp/include' -I/usr/local/include    -fpic  -g -O2   -c distRaster.cpp -o distRaster.o
g++ -std=gnu++17 -I"/opt/R/4.5.1/lib/R/include" -DNDEBUG -I/usr/include/x86_64-linux-gnu -I/usr/include/webp  -DHAVE_PROJ_H -I/usr/include/gdal -I/usr/include  -I'/home/runner/work/_temp/Library/Rcpp/include' -I/usr/local/include    -fpic  -g -O2   -c distValueRaster.cpp -o distValueRaster.o
g++ -std=gnu++17 -I"/opt/R/4.5.1/lib/R/include" -DNDEBUG -I/usr/include/x86_64-linux-gnu -I/usr/include/webp  -DHAVE_PROJ_H -I/usr/include/gdal -I/usr/include  -I'/home/runner/work/_temp/Library/Rcpp/include' -I/usr/local/include    -fpic  -g -O2   -c distVector.cpp -o distVector.o
g++ -std=gnu++17 -I"/opt/R/4.5.1/lib/R/include" -DNDEBUG -I/usr/include/x86_64-linux-gnu -I/usr/include/webp  -DHAVE_PROJ_H -I/usr/include/gdal -I/usr/include  -I'/home/runner/work/_temp/Library/Rcpp/include' -I/usr/local/include    -fpic  -g -O2   -c distance.cpp -o distance.o
g++ -std=gnu++17 -I"/opt/R/4.5.1/lib/R/include" -DNDEBUG -I/usr/include/x86_64-linux-gnu -I/usr/include/webp  -DHAVE_PROJ_H -I/usr/include/gdal -I/usr/include  -I'/home/runner/work/_temp/Library/Rcpp/include' -I/usr/local/include    -fpic  -g -O2   -c extract.cpp -o extract.o
g++ -std=gnu++17 -I"/opt/R/4.5.1/lib/R/include" -DNDEBUG -I/usr/include/x86_64-linux-gnu -I/usr/include/webp  -DHAVE_PROJ_H -I/usr/include/gdal -I/usr/include  -I'/home/runner/work/_temp/Library/Rcpp/include' -I/usr/local/include    -fpic  -g -O2   -c file_utils.cpp -o file_utils.o
g++ -std=gnu++17 -I"/opt/R/4.5.1/lib/R/include" -DNDEBUG -I/usr/include/x86_64-linux-gnu -I/usr/include/webp  -DHAVE_PROJ_H -I/usr/include/gdal -I/usr/include  -I'/home/runner/work/_temp/Library/Rcpp/include' -I/usr/local/include    -fpic  -g -O2   -c focal.cpp -o focal.o
g++ -std=gnu++17 -I"/opt/R/4.5.1/lib/R/include" -DNDEBUG -I/usr/include/x86_64-linux-gnu -I/usr/include/webp  -DHAVE_PROJ_H -I/usr/include/gdal -I/usr/include  -I'/home/runner/work/_temp/Library/Rcpp/include' -I/usr/local/include    -fpic  -g -O2   -c gcp.cpp -o gcp.o
g++ -std=gnu++17 -I"/opt/R/4.5.1/lib/R/include" -DNDEBUG -I/usr/include/x86_64-linux-gnu -I/usr/include/webp  -DHAVE_PROJ_H -I/usr/include/gdal -I/usr/include  -I'/home/runner/work/_temp/Library/Rcpp/include' -I/usr/local/include    -fpic  -g -O2   -c gdal_algs.cpp -o gdal_algs.o
g++ -std=gnu++17 -I"/opt/R/4.5.1/lib/R/include" -DNDEBUG -I/usr/include/x86_64-linux-gnu -I/usr/include/webp  -DHAVE_PROJ_H -I/usr/include/gdal -I/usr/include  -I'/home/runner/work/_temp/Library/Rcpp/include' -I/usr/local/include    -fpic  -g -O2   -c gdal_multidimensional.cpp -o gdal_multidimensional.o
g++ -std=gnu++17 -I"/opt/R/4.5.1/lib/R/include" -DNDEBUG -I/usr/include/x86_64-linux-gnu -I/usr/include/webp  -DHAVE_PROJ_H -I/usr/include/gdal -I/usr/include  -I'/home/runner/work/_temp/Library/Rcpp/include' -I/usr/local/include    -fpic  -g -O2   -c gdalio.cpp -o gdalio.o
gcc -std=gnu2x -I"/opt/R/4.5.1/lib/R/include" -DNDEBUG -I/usr/include/x86_64-linux-gnu -I/usr/include/webp  -DHAVE_PROJ_H -I/usr/include/gdal -I/usr/include  -I'/home/runner/work/_temp/Library/Rcpp/include' -I/usr/local/include    -fpic  -g -O2  -c geodesic.c -o geodesic.o
g++ -std=gnu++17 -I"/opt/R/4.5.1/lib/R/include" -DNDEBUG -I/usr/include/x86_64-linux-gnu -I/usr/include/webp  -DHAVE_PROJ_H -I/usr/include/gdal -I/usr/include  -I'/home/runner/work/_temp/Library/Rcpp/include' -I/usr/local/include    -fpic  -g -O2   -c geos_methods.cpp -o geos_methods.o
g++ -std=gnu++17 -I"/opt/R/4.5.1/lib/R/include" -DNDEBUG -I/usr/include/x86_64-linux-gnu -I/usr/include/webp  -DHAVE_PROJ_H -I/usr/include/gdal -I/usr/include  -I'/home/runner/work/_temp/Library/Rcpp/include' -I/usr/local/include    -fpic  -g -O2   -c geosphere.cpp -o geosphere.o
g++ -std=gnu++17 -I"/opt/R/4.5.1/lib/R/include" -DNDEBUG -I/usr/include/x86_64-linux-gnu -I/usr/include/webp  -DHAVE_PROJ_H -I/usr/include/gdal -I/usr/include  -I'/home/runner/work/_temp/Library/Rcpp/include' -I/usr/local/include    -fpic  -g -O2   -c math_utils.cpp -o math_utils.o
g++ -std=gnu++17 -I"/opt/R/4.5.1/lib/R/include" -DNDEBUG -I/usr/include/x86_64-linux-gnu -I/usr/include/webp  -DHAVE_PROJ_H -I/usr/include/gdal -I/usr/include  -I'/home/runner/work/_temp/Library/Rcpp/include' -I/usr/local/include    -fpic  -g -O2   -c mediancut.cpp -o mediancut.o
g++ -std=gnu++17 -I"/opt/R/4.5.1/lib/R/include" -DNDEBUG -I/usr/include/x86_64-linux-gnu -I/usr/include/webp  -DHAVE_PROJ_H -I/usr/include/gdal -I/usr/include  -I'/home/runner/work/_temp/Library/Rcpp/include' -I/usr/local/include    -fpic  -g -O2   -c memory.cpp -o memory.o
g++ -std=gnu++17 -I"/opt/R/4.5.1/lib/R/include" -DNDEBUG -I/usr/include/x86_64-linux-gnu -I/usr/include/webp  -DHAVE_PROJ_H -I/usr/include/gdal -I/usr/include  -I'/home/runner/work/_temp/Library/Rcpp/include' -I/usr/local/include    -fpic  -g -O2   -c movingWindow.cpp -o movingWindow.o
g++ -std=gnu++17 -I"/opt/R/4.5.1/lib/R/include" -DNDEBUG -I/usr/include/x86_64-linux-gnu -I/usr/include/webp  -DHAVE_PROJ_H -I/usr/include/gdal -I/usr/include  -I'/home/runner/work/_temp/Library/Rcpp/include' -I/usr/local/include    -fpic  -g -O2   -c ncdf.cpp -o ncdf.o
g++ -std=gnu++17 -I"/opt/R/4.5.1/lib/R/include" -DNDEBUG -I/usr/include/x86_64-linux-gnu -I/usr/include/webp  -DHAVE_PROJ_H -I/usr/include/gdal -I/usr/include  -I'/home/runner/work/_temp/Library/Rcpp/include' -I/usr/local/include    -fpic  -g -O2   -c nearest.cpp -o nearest.o
g++ -std=gnu++17 -I"/opt/R/4.5.1/lib/R/include" -DNDEBUG -I/usr/include/x86_64-linux-gnu -I/usr/include/webp  -DHAVE_PROJ_H -I/usr/include/gdal -I/usr/include  -I'/home/runner/work/_temp/Library/Rcpp/include' -I/usr/local/include    -fpic  -g -O2   -c patches.cpp -o patches.o
g++ -std=gnu++17 -I"/opt/R/4.5.1/lib/R/include" -DNDEBUG -I/usr/include/x86_64-linux-gnu -I/usr/include/webp  -DHAVE_PROJ_H -I/usr/include/gdal -I/usr/include  -I'/home/runner/work/_temp/Library/Rcpp/include' -I/usr/local/include    -fpic  -g -O2   -c ram.cpp -o ram.o
g++ -std=gnu++17 -I"/opt/R/4.5.1/lib/R/include" -DNDEBUG -I/usr/include/x86_64-linux-gnu -I/usr/include/webp  -DHAVE_PROJ_H -I/usr/include/gdal -I/usr/include  -I'/home/runner/work/_temp/Library/Rcpp/include' -I/usr/local/include    -fpic  -g -O2   -c raster_methods.cpp -o raster_methods.o
g++ -std=gnu++17 -I"/opt/R/4.5.1/lib/R/include" -DNDEBUG -I/usr/include/x86_64-linux-gnu -I/usr/include/webp  -DHAVE_PROJ_H -I/usr/include/gdal -I/usr/include  -I'/home/runner/work/_temp/Library/Rcpp/include' -I/usr/local/include    -fpic  -g -O2   -c raster_stats.cpp -o raster_stats.o
g++ -std=gnu++17 -I"/opt/R/4.5.1/lib/R/include" -DNDEBUG -I/usr/include/x86_64-linux-gnu -I/usr/include/webp  -DHAVE_PROJ_H -I/usr/include/gdal -I/usr/include  -I'/home/runner/work/_temp/Library/Rcpp/include' -I/usr/local/include    -fpic  -g -O2   -c rasterize.cpp -o rasterize.o
g++ -std=gnu++17 -I"/opt/R/4.5.1/lib/R/include" -DNDEBUG -I/usr/include/x86_64-linux-gnu -I/usr/include/webp  -DHAVE_PROJ_H -I/usr/include/gdal -I/usr/include  -I'/home/runner/work/_temp/Library/Rcpp/include' -I/usr/local/include    -fpic  -g -O2   -c read.cpp -o read.o
g++ -std=gnu++17 -I"/opt/R/4.5.1/lib/R/include" -DNDEBUG -I/usr/include/x86_64-linux-gnu -I/usr/include/webp  -DHAVE_PROJ_H -I/usr/include/gdal -I/usr/include  -I'/home/runner/work/_temp/Library/Rcpp/include' -I/usr/local/include    -fpic  -g -O2   -c read_gdal.cpp -o read_gdal.o
g++ -std=gnu++17 -I"/opt/R/4.5.1/lib/R/include" -DNDEBUG -I/usr/include/x86_64-linux-gnu -I/usr/include/webp  -DHAVE_PROJ_H -I/usr/include/gdal -I/usr/include  -I'/home/runner/work/_temp/Library/Rcpp/include' -I/usr/local/include    -fpic  -g -O2   -c read_ogr.cpp -o read_ogr.o
g++ -std=gnu++17 -I"/opt/R/4.5.1/lib/R/include" -DNDEBUG -I/usr/include/x86_64-linux-gnu -I/usr/include/webp  -DHAVE_PROJ_H -I/usr/include/gdal -I/usr/include  -I'/home/runner/work/_temp/Library/Rcpp/include' -I/usr/local/include    -fpic  -g -O2   -c sample.cpp -o sample.o
g++ -std=gnu++17 -I"/opt/R/4.5.1/lib/R/include" -DNDEBUG -I/usr/include/x86_64-linux-gnu -I/usr/include/webp  -DHAVE_PROJ_H -I/usr/include/gdal -I/usr/include  -I'/home/runner/work/_temp/Library/Rcpp/include' -I/usr/local/include    -fpic  -g -O2   -c sort.cpp -o sort.o
g++ -std=gnu++17 -I"/opt/R/4.5.1/lib/R/include" -DNDEBUG -I/usr/include/x86_64-linux-gnu -I/usr/include/webp  -DHAVE_PROJ_H -I/usr/include/gdal -I/usr/include  -I'/home/runner/work/_temp/Library/Rcpp/include' -I/usr/local/include    -fpic  -g -O2   -c spatBase.cpp -o spatBase.o
g++ -std=gnu++17 -I"/opt/R/4.5.1/lib/R/include" -DNDEBUG -I/usr/include/x86_64-linux-gnu -I/usr/include/webp  -DHAVE_PROJ_H -I/usr/include/gdal -I/usr/include  -I'/home/runner/work/_temp/Library/Rcpp/include' -I/usr/local/include    -fpic  -g -O2   -c spatDataframe.cpp -o spatDataframe.o
g++ -std=gnu++17 -I"/opt/R/4.5.1/lib/R/include" -DNDEBUG -I/usr/include/x86_64-linux-gnu -I/usr/include/webp  -DHAVE_PROJ_H -I/usr/include/gdal -I/usr/include  -I'/home/runner/work/_temp/Library/Rcpp/include' -I/usr/local/include    -fpic  -g -O2   -c spatFactor.cpp -o spatFactor.o
g++ -std=gnu++17 -I"/opt/R/4.5.1/lib/R/include" -DNDEBUG -I/usr/include/x86_64-linux-gnu -I/usr/include/webp  -DHAVE_PROJ_H -I/usr/include/gdal -I/usr/include  -I'/home/runner/work/_temp/Library/Rcpp/include' -I/usr/local/include    -fpic  -g -O2   -c spatRaster.cpp -o spatRaster.o
g++ -std=gnu++17 -I"/opt/R/4.5.1/lib/R/include" -DNDEBUG -I/usr/include/x86_64-linux-gnu -I/usr/include/webp  -DHAVE_PROJ_H -I/usr/include/gdal -I/usr/include  -I'/home/runner/work/_temp/Library/Rcpp/include' -I/usr/local/include    -fpic  -g -O2   -c spatRasterMultiple.cpp -o spatRasterMultiple.o
g++ -std=gnu++17 -I"/opt/R/4.5.1/lib/R/include" -DNDEBUG -I/usr/include/x86_64-linux-gnu -I/usr/include/webp  -DHAVE_PROJ_H -I/usr/include/gdal -I/usr/include  -I'/home/runner/work/_temp/Library/Rcpp/include' -I/usr/local/include    -fpic  -g -O2   -c spatSources.cpp -o spatSources.o
g++ -std=gnu++17 -I"/opt/R/4.5.1/lib/R/include" -DNDEBUG -I/usr/include/x86_64-linux-gnu -I/usr/include/webp  -DHAVE_PROJ_H -I/usr/include/gdal -I/usr/include  -I'/home/runner/work/_temp/Library/Rcpp/include' -I/usr/local/include    -fpic  -g -O2   -c spatTime.cpp -o spatTime.o
g++ -std=gnu++17 -I"/opt/R/4.5.1/lib/R/include" -DNDEBUG -I/usr/include/x86_64-linux-gnu -I/usr/include/webp  -DHAVE_PROJ_H -I/usr/include/gdal -I/usr/include  -I'/home/runner/work/_temp/Library/Rcpp/include' -I/usr/local/include    -fpic  -g -O2   -c spatVector.cpp -o spatVector.o
g++ -std=gnu++17 -I"/opt/R/4.5.1/lib/R/include" -DNDEBUG -I/usr/include/x86_64-linux-gnu -I/usr/include/webp  -DHAVE_PROJ_H -I/usr/include/gdal -I/usr/include  -I'/home/runner/work/_temp/Library/Rcpp/include' -I/usr/local/include    -fpic  -g -O2   -c spatVector2.cpp -o spatVector2.o
g++ -std=gnu++17 -I"/opt/R/4.5.1/lib/R/include" -DNDEBUG -I/usr/include/x86_64-linux-gnu -I/usr/include/webp  -DHAVE_PROJ_H -I/usr/include/gdal -I/usr/include  -I'/home/runner/work/_temp/Library/Rcpp/include' -I/usr/local/include    -fpic  -g -O2   -c string_utils.cpp -o string_utils.o
g++ -std=gnu++17 -I"/opt/R/4.5.1/lib/R/include" -DNDEBUG -I/usr/include/x86_64-linux-gnu -I/usr/include/webp  -DHAVE_PROJ_H -I/usr/include/gdal -I/usr/include  -I'/home/runner/work/_temp/Library/Rcpp/include' -I/usr/local/include    -fpic  -g -O2   -c surfArea.cpp -o surfArea.o
g++ -std=gnu++17 -I"/opt/R/4.5.1/lib/R/include" -DNDEBUG -I/usr/include/x86_64-linux-gnu -I/usr/include/webp  -DHAVE_PROJ_H -I/usr/include/gdal -I/usr/include  -I'/home/runner/work/_temp/Library/Rcpp/include' -I/usr/local/include    -fpic  -g -O2   -c table_utils.cpp -o table_utils.o
g++ -std=gnu++17 -I"/opt/R/4.5.1/lib/R/include" -DNDEBUG -I/usr/include/x86_64-linux-gnu -I/usr/include/webp  -DHAVE_PROJ_H -I/usr/include/gdal -I/usr/include  -I'/home/runner/work/_temp/Library/Rcpp/include' -I/usr/local/include    -fpic  -g -O2   -c vecmath.cpp -o vecmath.o
g++ -std=gnu++17 -I"/opt/R/4.5.1/lib/R/include" -DNDEBUG -I/usr/include/x86_64-linux-gnu -I/usr/include/webp  -DHAVE_PROJ_H -I/usr/include/gdal -I/usr/include  -I'/home/runner/work/_temp/Library/Rcpp/include' -I/usr/local/include    -fpic  -g -O2   -c vecmathse.cpp -o vecmathse.o
g++ -std=gnu++17 -I"/opt/R/4.5.1/lib/R/include" -DNDEBUG -I/usr/include/x86_64-linux-gnu -I/usr/include/webp  -DHAVE_PROJ_H -I/usr/include/gdal -I/usr/include  -I'/home/runner/work/_temp/Library/Rcpp/include' -I/usr/local/include    -fpic  -g -O2   -c vector_methods.cpp -o vector_methods.o
g++ -std=gnu++17 -I"/opt/R/4.5.1/lib/R/include" -DNDEBUG -I/usr/include/x86_64-linux-gnu -I/usr/include/webp  -DHAVE_PROJ_H -I/usr/include/gdal -I/usr/include  -I'/home/runner/work/_temp/Library/Rcpp/include' -I/usr/local/include    -fpic  -g -O2   -c watershed_internal.cpp -o watershed_internal.o
g++ -std=gnu++17 -I"/opt/R/4.5.1/lib/R/include" -DNDEBUG -I/usr/include/x86_64-linux-gnu -I/usr/include/webp  -DHAVE_PROJ_H -I/usr/include/gdal -I/usr/include  -I'/home/runner/work/_temp/Library/Rcpp/include' -I/usr/local/include    -fpic  -g -O2   -c write.cpp -o write.o
g++ -std=gnu++17 -I"/opt/R/4.5.1/lib/R/include" -DNDEBUG -I/usr/include/x86_64-linux-gnu -I/usr/include/webp  -DHAVE_PROJ_H -I/usr/include/gdal -I/usr/include  -I'/home/runner/work/_temp/Library/Rcpp/include' -I/usr/local/include    -fpic  -g -O2   -c write_gdal.cpp -o write_gdal.o
g++ -std=gnu++17 -I"/opt/R/4.5.1/lib/R/include" -DNDEBUG -I/usr/include/x86_64-linux-gnu -I/usr/include/webp  -DHAVE_PROJ_H -I/usr/include/gdal -I/usr/include  -I'/home/runner/work/_temp/Library/Rcpp/include' -I/usr/local/include    -fpic  -g -O2   -c write_ogr.cpp -o write_ogr.o
g++ -std=gnu++17 -shared -L/opt/R/4.5.1/lib/R/lib -L/usr/local/lib -o terra.so RcppExports.o RcppFunctions.o RcppModule.o arith.o crs.o distRaster.o distValueRaster.o distVector.o distance.o extract.o file_utils.o focal.o gcp.o gdal_algs.o gdal_multidimensional.o gdalio.o geodesic.o geos_methods.o geosphere.o math_utils.o mediancut.o memory.o movingWindow.o ncdf.o nearest.o patches.o ram.o raster_methods.o raster_stats.o rasterize.o read.o read_gdal.o read_ogr.o sample.o sort.o spatBase.o spatDataframe.o spatFactor.o spatRaster.o spatRasterMultiple.o spatSources.o spatTime.o spatVector.o spatVector2.o string_utils.o surfArea.o table_utils.o vecmath.o vecmathse.o vector_methods.o watershed_internal.o write.o write_gdal.o write_ogr.o -lproj -L/usr/lib/x86_64-linux-gnu -lgdal -L/usr/lib/x86_64-linux-gnu -lgeos_c -L/opt/R/4.5.1/lib/R/lib -lR
installing to /home/runner/work/_temp/Library/00LOCK-terra/00new/terra/libs
** R
** inst
** byte-compile and prepare package for lazy loading
in method for ‘sds’ with signature ‘x="stars"’: no definition for class “stars”
in method for ‘sds’ with signature ‘x="stars_proxy"’: no definition for class “stars_proxy”
in method for ‘svc’ with signature ‘x="sf"’: no definition for class “sf”
in method for ‘coerce’ with signature ‘"stars","SpatRasterDataset"’: no definition for class “stars”
in method for ‘coerce’ with signature ‘"ggmap","SpatRaster"’: no definition for class “ggmap”
in method for ‘coerce’ with signature ‘"sf","SpatRaster"’: no definition for class “sf”
in method for ‘coerce’ with signature ‘"sf","SpatVector"’: no definition for class “sf”
in method for ‘coerce’ with signature ‘"sfc","SpatVector"’: no definition for class “sfc”
in method for ‘coerce’ with signature ‘"sfg","SpatVector"’: no definition for class “sfg”
in method for ‘coerce’ with signature ‘"XY","SpatVector"’: no definition for class “XY”
in method for ‘coerce’ with signature ‘"im","SpatRaster"’: no definition for class “im”
in method for ‘coerce’ with signature ‘"SpatVector","Spatial"’: no definition for class “Spatial”
in method for ‘coerce’ with signature ‘"Spatial","SpatVector"’: no definition for class “Spatial”
in method for ‘coerce’ with signature ‘"SpatialGrid","SpatRaster"’: no definition for class “SpatialGrid”
in method for ‘coerce’ with signature ‘"SpatialPixels","SpatRaster"’: no definition for class “SpatialPixels”
in method for ‘crs’ with signature ‘"sf"’: no definition for class “sf”
Creating a generic function for ‘ncol’ from package ‘base’ in package ‘terra’
in method for ‘distance’ with signature ‘x="SpatRaster",y="sf"’: no definition for class “sf”
in method for ‘ext’ with signature ‘x="sf"’: no definition for class “sf”
in method for ‘ext’ with signature ‘x="bbox"’: no definition for class “bbox”
in method for ‘ext’ with signature ‘x="Extent"’: no definition for class “Extent”
in method for ‘ext’ with signature ‘x="Raster"’: no definition for class “Raster”
in method for ‘ext’ with signature ‘x="Spatial"’: no definition for class “Spatial”
in method for ‘extract’ with signature ‘x="SpatRaster",y="sf"’: no definition for class “sf”
in method for ‘mask’ with signature ‘x="SpatRaster",mask="sf"’: no definition for class “sf”
in method for ‘points’ with signature ‘x="sf"’: no definition for class “sf”
in method for ‘lines’ with signature ‘x="sf"’: no definition for class “sf”
in method for ‘polys’ with signature ‘x="sf"’: no definition for class “sf”
in method for ‘polys’ with signature ‘x="leaflet"’: no definition for class “leaflet”
in method for ‘lines’ with signature ‘x="leaflet"’: no definition for class “leaflet”
in method for ‘points’ with signature ‘x="leaflet"’: no definition for class “leaflet”
in method for ‘rast’ with signature ‘x="stars"’: no definition for class “stars”
in method for ‘rast’ with signature ‘x="stars_proxy"’: no definition for class “stars_proxy”
in method for ‘rasterize’ with signature ‘x="sf",y="SpatRaster"’: no definition for class “sf”
Creating a generic function for ‘rowSums’ from package ‘base’ in package ‘terra’
Creating a generic function for ‘colSums’ from package ‘base’ in package ‘terra’
Creating a generic function for ‘rowMeans’ from package ‘base’ in package ‘terra’
Creating a generic function for ‘colMeans’ from package ‘base’ in package ‘terra’
in method for ‘show’ with signature ‘"Rcpp_SpatDataFrame"’: no definition for class “Rcpp_SpatDataFrame”
in method for ‘show’ with signature ‘"Rcpp_SpatCategories"’: no definition for class “Rcpp_SpatCategories”
in method for ‘geomtype’ with signature ‘x="Spatial"’: no definition for class “Spatial”
Creating a generic function for ‘identical’ from package ‘base’ in package ‘terra’
in method for ‘vect’ with signature ‘x="Spatial"’: no definition for class “Spatial”
in method for ‘vect’ with signature ‘x="sf"’: no definition for class “sf”
in method for ‘vect’ with signature ‘x="sfc"’: no definition for class “sfc”
in method for ‘vect’ with signature ‘x="XY"’: no definition for class “XY”
Creating a generic function for ‘unserialize’ from package ‘base’ in package ‘terra’
Creating a generic function for ‘readRDS’ from package ‘base’ in package ‘terra’
** help
*** installing help indices
*** copying figures
** building package indices
** testing if installed package can be loaded from temporary location
** checking absolute paths in shared objects and dynamic libraries
** testing if installed package can be loaded from final location
** testing if installed package keeps a record of temporary installation path
* DONE (terra)
* installing *source* package ‘mapproj’ ...
** this is package ‘mapproj’ version ‘1.2.12’
** package ‘mapproj’ successfully unpacked and MD5 sums checked
** using staged installation
** libs
using C compiler: ‘gcc (Ubuntu 13.3.0-6ubuntu2~24.04) 13.3.0’
gcc -std=gnu2x -I"/opt/R/4.5.1/lib/R/include" -DNDEBUG   -I/usr/local/include    -fpic  -g -O2  -c aitoff.c -o aitoff.o
gcc -std=gnu2x -I"/opt/R/4.5.1/lib/R/include" -DNDEBUG   -I/usr/local/include    -fpic  -g -O2  -c albers.c -o albers.o
gcc -std=gnu2x -I"/opt/R/4.5.1/lib/R/include" -DNDEBUG   -I/usr/local/include    -fpic  -g -O2  -c azequalarea.c -o azequalarea.o
gcc -std=gnu2x -I"/opt/R/4.5.1/lib/R/include" -DNDEBUG   -I/usr/local/include    -fpic  -g -O2  -c azequidist.c -o azequidist.o
gcc -std=gnu2x -I"/opt/R/4.5.1/lib/R/include" -DNDEBUG   -I/usr/local/include    -fpic  -g -O2  -c bicentric.c -o bicentric.o
gcc -std=gnu2x -I"/opt/R/4.5.1/lib/R/include" -DNDEBUG   -I/usr/local/include    -fpic  -g -O2  -c bonne.c -o bonne.o
gcc -std=gnu2x -I"/opt/R/4.5.1/lib/R/include" -DNDEBUG   -I/usr/local/include    -fpic  -g -O2  -c ccubrt.c -o ccubrt.o
gcc -std=gnu2x -I"/opt/R/4.5.1/lib/R/include" -DNDEBUG   -I/usr/local/include    -fpic  -g -O2  -c complex.c -o complex.o
gcc -std=gnu2x -I"/opt/R/4.5.1/lib/R/include" -DNDEBUG   -I/usr/local/include    -fpic  -g -O2  -c conic.c -o conic.o
gcc -std=gnu2x -I"/opt/R/4.5.1/lib/R/include" -DNDEBUG   -I/usr/local/include    -fpic  -g -O2  -c cubrt.c -o cubrt.o
gcc -std=gnu2x -I"/opt/R/4.5.1/lib/R/include" -DNDEBUG   -I/usr/local/include    -fpic  -g -O2  -c cuts.c -o cuts.o
gcc -std=gnu2x -I"/opt/R/4.5.1/lib/R/include" -DNDEBUG   -I/usr/local/include    -fpic  -g -O2  -c cylequalarea.c -o cylequalarea.o
gcc -std=gnu2x -I"/opt/R/4.5.1/lib/R/include" -DNDEBUG   -I/usr/local/include    -fpic  -g -O2  -c cylindrical.c -o cylindrical.o
gcc -std=gnu2x -I"/opt/R/4.5.1/lib/R/include" -DNDEBUG   -I/usr/local/include    -fpic  -g -O2  -c eisenlohr.c -o eisenlohr.o
gcc -std=gnu2x -I"/opt/R/4.5.1/lib/R/include" -DNDEBUG   -I/usr/local/include    -fpic  -g -O2  -c elco2.c -o elco2.o
gcc -std=gnu2x -I"/opt/R/4.5.1/lib/R/include" -DNDEBUG   -I/usr/local/include    -fpic  -g -O2  -c elliptic.c -o elliptic.o
gcc -std=gnu2x -I"/opt/R/4.5.1/lib/R/include" -DNDEBUG   -I/usr/local/include    -fpic  -g -O2  -c fisheye.c -o fisheye.o
gcc -std=gnu2x -I"/opt/R/4.5.1/lib/R/include" -DNDEBUG   -I/usr/local/include    -fpic  -g -O2  -c gall.c -o gall.o
gcc -std=gnu2x -I"/opt/R/4.5.1/lib/R/include" -DNDEBUG   -I/usr/local/include    -fpic  -g -O2  -c gilbert.c -o gilbert.o
gcc -std=gnu2x -I"/opt/R/4.5.1/lib/R/include" -DNDEBUG   -I/usr/local/include    -fpic  -g -O2  -c guyou.c -o guyou.o
gcc -std=gnu2x -I"/opt/R/4.5.1/lib/R/include" -DNDEBUG   -I/usr/local/include    -fpic  -g -O2  -c harrison.c -o harrison.o
gcc -std=gnu2x -I"/opt/R/4.5.1/lib/R/include" -DNDEBUG   -I/usr/local/include    -fpic  -g -O2  -c hex.c -o hex.o
gcc -std=gnu2x -I"/opt/R/4.5.1/lib/R/include" -DNDEBUG   -I/usr/local/include    -fpic  -g -O2  -c homing.c -o homing.o
gcc -std=gnu2x -I"/opt/R/4.5.1/lib/R/include" -DNDEBUG   -I/usr/local/include    -fpic  -g -O2  -c init.c -o init.o
gcc -std=gnu2x -I"/opt/R/4.5.1/lib/R/include" -DNDEBUG   -I/usr/local/include    -fpic  -g -O2  -c lagrange.c -o lagrange.o
gcc -std=gnu2x -I"/opt/R/4.5.1/lib/R/include" -DNDEBUG   -I/usr/local/include    -fpic  -g -O2  -c lambert.c -o lambert.o
gcc -std=gnu2x -I"/opt/R/4.5.1/lib/R/include" -DNDEBUG   -I/usr/local/include    -fpic  -g -O2  -c laue.c -o laue.o
gcc -std=gnu2x -I"/opt/R/4.5.1/lib/R/include" -DNDEBUG   -I/usr/local/include    -fpic  -g -O2  -c lune.c -o lune.o
gcc -std=gnu2x -I"/opt/R/4.5.1/lib/R/include" -DNDEBUG   -I/usr/local/include    -fpic  -g -O2  -c mapproject.c -o mapproject.o
gcc -std=gnu2x -I"/opt/R/4.5.1/lib/R/include" -DNDEBUG   -I/usr/local/include    -fpic  -g -O2  -c mercator.c -o mercator.o
gcc -std=gnu2x -I"/opt/R/4.5.1/lib/R/include" -DNDEBUG   -I/usr/local/include    -fpic  -g -O2  -c mollweide.c -o mollweide.o
gcc -std=gnu2x -I"/opt/R/4.5.1/lib/R/include" -DNDEBUG   -I/usr/local/include    -fpic  -g -O2  -c newyorker.c -o newyorker.o
gcc -std=gnu2x -I"/opt/R/4.5.1/lib/R/include" -DNDEBUG   -I/usr/local/include    -fpic  -g -O2  -c orthographic.c -o orthographic.o
gcc -std=gnu2x -I"/opt/R/4.5.1/lib/R/include" -DNDEBUG   -I/usr/local/include    -fpic  -g -O2  -c perspective.c -o perspective.o
gcc -std=gnu2x -I"/opt/R/4.5.1/lib/R/include" -DNDEBUG   -I/usr/local/include    -fpic  -g -O2  -c polyconic.c -o polyconic.o
gcc -std=gnu2x -I"/opt/R/4.5.1/lib/R/include" -DNDEBUG   -I/usr/local/include    -fpic  -g -O2  -c rectangular.c -o rectangular.o
gcc -std=gnu2x -I"/opt/R/4.5.1/lib/R/include" -DNDEBUG   -I/usr/local/include    -fpic  -g -O2  -c simpleconic.c -o simpleconic.o
gcc -std=gnu2x -I"/opt/R/4.5.1/lib/R/include" -DNDEBUG   -I/usr/local/include    -fpic  -g -O2  -c sinusoidal.c -o sinusoidal.o
gcc -std=gnu2x -I"/opt/R/4.5.1/lib/R/include" -DNDEBUG   -I/usr/local/include    -fpic  -g -O2  -c tetra.c -o tetra.o
gcc -std=gnu2x -I"/opt/R/4.5.1/lib/R/include" -DNDEBUG   -I/usr/local/include    -fpic  -g -O2  -c trapezoidal.c -o trapezoidal.o
gcc -std=gnu2x -I"/opt/R/4.5.1/lib/R/include" -DNDEBUG   -I/usr/local/include    -fpic  -g -O2  -c twocirc.c -o twocirc.o
gcc -std=gnu2x -I"/opt/R/4.5.1/lib/R/include" -DNDEBUG   -I/usr/local/include    -fpic  -g -O2  -c zcoord.c -o zcoord.o
gcc -std=gnu2x -shared -L/opt/R/4.5.1/lib/R/lib -L/usr/local/lib -o mapproj.so aitoff.o albers.o azequalarea.o azequidist.o bicentric.o bonne.o ccubrt.o complex.o conic.o cubrt.o cuts.o cylequalarea.o cylindrical.o eisenlohr.o elco2.o elliptic.o fisheye.o gall.o gilbert.o guyou.o harrison.o hex.o homing.o init.o lagrange.o lambert.o laue.o lune.o mapproject.o mercator.o mollweide.o newyorker.o orthographic.o perspective.o polyconic.o rectangular.o simpleconic.o sinusoidal.o tetra.o trapezoidal.o twocirc.o zcoord.o -L/opt/R/4.5.1/lib/R/lib -lR
installing to /home/runner/work/_temp/Library/00LOCK-mapproj/00new/mapproj/libs
** R
** byte-compile and prepare package for lazy loading
** help
*** installing help indices
** building package indices
** testing if installed package can be loaded from temporary location
** checking absolute paths in shared objects and dynamic libraries
** testing if installed package can be loaded from final location
** testing if installed package keeps a record of temporary installation path
* DONE (mapproj)
* installing *source* package ‘viridis’ ...
** this is package ‘viridis’ version ‘0.6.5’
** package ‘viridis’ successfully unpacked and MD5 sums checked
** using staged installation
** R
** data
*** moving datasets to lazyload DB
** inst
** byte-compile and prepare package for lazy loading
** help
*** installing help indices
*** copying figures
** building package indices
** installing vignettes
** testing if installed package can be loaded from temporary location
** testing if installed package can be loaded from final location
** testing if installed package keeps a record of temporary installation path
* DONE (viridis)

The downloaded source packages are in
	‘/tmp/Rtmp8ze0TK/downloaded_packages’
Successfully installed: viridis 
Installing CRAN package: gplots 
Installing package into ‘/home/runner/work/_temp/Library’
(as ‘lib’ is unspecified)
also installing the dependencies ‘sp’, ‘gtools’, ‘caTools’, ‘r2d2’

trying URL 'https://cloud.r-project.org/src/contrib/sp_2.2-0.tar.gz'
trying URL 'https://cloud.r-project.org/src/contrib/gtools_3.9.5.tar.gz'
trying URL 'https://cloud.r-project.org/src/contrib/caTools_1.18.3.tar.gz'
trying URL 'https://cloud.r-project.org/src/contrib/r2d2_1.0.2.tar.gz'
trying URL 'https://cloud.r-project.org/src/contrib/gplots_3.2.0.tar.gz'
* installing *source* package ‘sp’ ...
** this is package ‘sp’ version ‘2.2-0’
** package ‘sp’ successfully unpacked and MD5 sums checked
** using staged installation
** libs
using C compiler: ‘gcc (Ubuntu 13.3.0-6ubuntu2~24.04) 13.3.0’
gcc -std=gnu2x -I"/opt/R/4.5.1/lib/R/include" -DNDEBUG   -I/usr/local/include    -fpic  -g -O2  -c Rcentroid.c -o Rcentroid.o
gcc -std=gnu2x -I"/opt/R/4.5.1/lib/R/include" -DNDEBUG   -I/usr/local/include    -fpic  -g -O2  -c gcdist.c -o gcdist.o
gcc -std=gnu2x -I"/opt/R/4.5.1/lib/R/include" -DNDEBUG   -I/usr/local/include    -fpic  -g -O2  -c init.c -o init.o
gcc -std=gnu2x -I"/opt/R/4.5.1/lib/R/include" -DNDEBUG   -I/usr/local/include    -fpic  -g -O2  -c pip.c -o pip.o
gcc -std=gnu2x -I"/opt/R/4.5.1/lib/R/include" -DNDEBUG   -I/usr/local/include    -fpic  -g -O2  -c pip2.c -o pip2.o
gcc -std=gnu2x -I"/opt/R/4.5.1/lib/R/include" -DNDEBUG   -I/usr/local/include    -fpic  -g -O2  -c sp_xports.c -o sp_xports.o
gcc -std=gnu2x -I"/opt/R/4.5.1/lib/R/include" -DNDEBUG   -I/usr/local/include    -fpic  -g -O2  -c surfaceArea.c -o surfaceArea.o
gcc -std=gnu2x -I"/opt/R/4.5.1/lib/R/include" -DNDEBUG   -I/usr/local/include    -fpic  -g -O2  -c zerodist.c -o zerodist.o
gcc -std=gnu2x -shared -L/opt/R/4.5.1/lib/R/lib -L/usr/local/lib -o sp.so Rcentroid.o gcdist.o init.o pip.o pip2.o sp_xports.o surfaceArea.o zerodist.o -L/opt/R/4.5.1/lib/R/lib -lR
installing to /home/runner/work/_temp/Library/00LOCK-sp/00new/sp/libs
** R
** data
** demo
** inst
** byte-compile and prepare package for lazy loading
** help
*** installing help indices
** building package indices
** installing vignettes
** testing if installed package can be loaded from temporary location
** checking absolute paths in shared objects and dynamic libraries
** testing if installed package can be loaded from final location
** testing if installed package keeps a record of temporary installation path
* DONE (sp)
* installing *source* package ‘gtools’ ...
** this is package ‘gtools’ version ‘3.9.5’
** package ‘gtools’ successfully unpacked and MD5 sums checked
** using staged installation
** libs
using C compiler: ‘gcc (Ubuntu 13.3.0-6ubuntu2~24.04) 13.3.0’
gcc -std=gnu2x -I"/opt/R/4.5.1/lib/R/include" -DNDEBUG   -I/usr/local/include    -fpic  -g -O2  -c init.c -o init.o
gcc -std=gnu2x -I"/opt/R/4.5.1/lib/R/include" -DNDEBUG   -I/usr/local/include    -fpic  -g -O2  -c roman2int.c -o roman2int.o
gcc -std=gnu2x -I"/opt/R/4.5.1/lib/R/include" -DNDEBUG   -I/usr/local/include    -fpic  -g -O2  -c setTCPNoDelay.c -o setTCPNoDelay.o
gcc -std=gnu2x -shared -L/opt/R/4.5.1/lib/R/lib -L/usr/local/lib -o gtools.so init.o roman2int.o setTCPNoDelay.o -L/opt/R/4.5.1/lib/R/lib -lR
installing to /home/runner/work/_temp/Library/00LOCK-gtools/00new/gtools/libs
** R
** data
** inst
** byte-compile and prepare package for lazy loading
** help
*** installing help indices
*** copying figures
** building package indices
** testing if installed package can be loaded from temporary location
** checking absolute paths in shared objects and dynamic libraries
** testing if installed package can be loaded from final location
** testing if installed package keeps a record of temporary installation path
* DONE (gtools)
* installing *source* package ‘caTools’ ...
** this is package ‘caTools’ version ‘1.18.3’
** package ‘caTools’ successfully unpacked and MD5 sums checked
** using staged installation
** libs
using C compiler: ‘gcc (Ubuntu 13.3.0-6ubuntu2~24.04) 13.3.0’
using C++ compiler: ‘g++ (Ubuntu 13.3.0-6ubuntu2~24.04) 13.3.0’
g++ -std=gnu++17 -I"/opt/R/4.5.1/lib/R/include" -DNDEBUG   -I/usr/local/include    -fpic  -g -O2   -c Gif2R.cpp -o Gif2R.o
g++ -std=gnu++17 -I"/opt/R/4.5.1/lib/R/include" -DNDEBUG   -I/usr/local/include    -fpic  -g -O2   -c GifTools.cpp -o GifTools.o
gcc -std=gnu2x -I"/opt/R/4.5.1/lib/R/include" -DNDEBUG   -I/usr/local/include    -fpic  -g -O2  -c caTools_init.c -o caTools_init.o
gcc -std=gnu2x -I"/opt/R/4.5.1/lib/R/include" -DNDEBUG   -I/usr/local/include    -fpic  -g -O2  -c runfunc.c -o runfunc.o
g++ -std=gnu++17 -shared -L/opt/R/4.5.1/lib/R/lib -L/usr/local/lib -o caTools.so Gif2R.o GifTools.o caTools_init.o runfunc.o -L/opt/R/4.5.1/lib/R/lib -lR
installing to /home/runner/work/_temp/Library/00LOCK-caTools/00new/caTools/libs
** R
** byte-compile and prepare package for lazy loading
** help
*** installing help indices
** building package indices
** testing if installed package can be loaded from temporary location
** checking absolute paths in shared objects and dynamic libraries
** testing if installed package can be loaded from final location
** testing if installed package keeps a record of temporary installation path
* DONE (caTools)
* installing *source* package ‘r2d2’ ...
** this is package ‘r2d2’ version ‘1.0.2’
** package ‘r2d2’ successfully unpacked and MD5 sums checked
** using staged installation
** R
** data
*** moving datasets to lazyload DB
** byte-compile and prepare package for lazy loading
** help
*** installing help indices
** building package indices
** testing if installed package can be loaded from temporary location
** testing if installed package can be loaded from final location
** testing if installed package keeps a record of temporary installation path
* DONE (r2d2)
* installing *source* package ‘gplots’ ...
** this is package ‘gplots’ version ‘3.2.0’
** package ‘gplots’ successfully unpacked and MD5 sums checked
** using staged installation
** R
** data
*** moving datasets to lazyload DB
** inst
** byte-compile and prepare package for lazy loading
** help
*** installing help indices
** building package indices
** installing vignettes
** testing if installed package can be loaded from temporary location
** testing if installed package can be loaded from final location
** testing if installed package keeps a record of temporary installation path
* DONE (gplots)

The downloaded source packages are in
	‘/tmp/Rtmp8ze0TK/downloaded_packages’
Successfully installed: gplots 
Package already installed: data.table 

Installing Bioconductor packages...
Installing Bioconductor package: GSVA 
'getOption("repos")' replaces Bioconductor standard repositories, see
'help("repositories", package = "BiocManager")' for details.
Replacement repositories:
    CRAN: https://cloud.r-project.org/
Bioconductor version 3.21 (BiocManager 1.30.26), R 4.5.1 (2025-06-13)
Installing package(s) 'GSVA'
also installing the dependencies ‘graph’, ‘magick’, ‘ScaledMatrix’, ‘irlba’, ‘rsvd’, ‘beachmat’, ‘assorthead’, ‘GSEABase’, ‘SingleCellExperiment’, ‘SpatialExperiment’, ‘BiocSingular’

trying URL 'https://bioconductor.org//packages/3.21/bioc/src/contrib/graph_1.86.0.tar.gz'
trying URL 'https://cloud.r-project.org/src/contrib/magick_2.9.0.tar.gz'
trying URL 'https://bioconductor.org//packages/3.21/bioc/src/contrib/ScaledMatrix_1.16.0.tar.gz'
trying URL 'https://cloud.r-project.org/src/contrib/irlba_2.3.5.1.tar.gz'
trying URL 'https://cloud.r-project.org/src/contrib/rsvd_1.0.5.tar.gz'
trying URL 'https://bioconductor.org//packages/3.21/bioc/src/contrib/beachmat_2.24.0.tar.gz'
trying URL 'https://bioconductor.org//packages/3.21/bioc/src/contrib/assorthead_1.2.0.tar.gz'
trying URL 'https://bioconductor.org//packages/3.21/bioc/src/contrib/GSEABase_1.70.1.tar.gz'
trying URL 'https://bioconductor.org//packages/3.21/bioc/src/contrib/SingleCellExperiment_1.30.1.tar.gz'
trying URL 'https://bioconductor.org//packages/3.21/bioc/src/contrib/SpatialExperiment_1.18.1.tar.gz'
trying URL 'https://bioconductor.org//packages/3.21/bioc/src/contrib/BiocSingular_1.24.0.tar.gz'
trying URL 'https://bioconductor.org//packages/3.21/bioc/src/contrib/GSVA_2.2.0.tar.gz'
* installing *source* package ‘graph’ ...
** this is package ‘graph’ version ‘1.86.0’
** using staged installation
** libs
using C compiler: ‘gcc (Ubuntu 13.3.0-6ubuntu2~24.04) 13.3.0’
gcc -std=gnu2x -I"/opt/R/4.5.1/lib/R/include" -DNDEBUG   -I/usr/local/include    -fpic  -g -O2  -c graph.c -o graph.o
gcc -std=gnu2x -shared -L/opt/R/4.5.1/lib/R/lib -L/usr/local/lib -o graph.so graph.o -L/opt/R/4.5.1/lib/R/lib -lR
mv graph.so BioC_graph.so
installing to /home/runner/work/_temp/Library/00LOCK-graph/00new/graph/libs
** R
** data
** inst
** byte-compile and prepare package for lazy loading
** help
*** installing help indices
** building package indices
** installing vignettes
** testing if installed package can be loaded from temporary location
** checking absolute paths in shared objects and dynamic libraries
** testing if installed package can be loaded from final location
** testing if installed package keeps a record of temporary installation path
* DONE (graph)
* installing *source* package ‘magick’ ...
** this is package ‘magick’ version ‘2.9.0’
** package ‘magick’ successfully unpacked and MD5 sums checked
** using staged installation
Found pkg-config cflags and libs!
Using PKG_CFLAGS=-I/usr/include/x86_64-linux-gnu/ImageMagick-6 -I/usr/include/ImageMagick-6 -fopenmp -DMAGICKCORE_HDRI_ENABLE=0 -DMAGICKCORE_QUANTUM_DEPTH=16 
Using PKG_LIBS=-lMagick++-6.Q16 -lMagickWand-6.Q16 -lMagickCore-6.Q16 
** libs
using C++ compiler: ‘g++ (Ubuntu 13.3.0-6ubuntu2~24.04) 13.3.0’
g++ -std=gnu++17 -I"/opt/R/4.5.1/lib/R/include" -DNDEBUG -I/usr/include/x86_64-linux-gnu/ImageMagick-6 -I/usr/include/ImageMagick-6 -fopenmp -DMAGICKCORE_HDRI_ENABLE=0 -DMAGICKCORE_QUANTUM_DEPTH=16  -I'/home/runner/work/_temp/Library/Rcpp/include' -I/usr/local/include   -fvisibility=hidden -fpic  -g -O2   -c RcppExports.cpp -o RcppExports.o
g++ -std=gnu++17 -I"/opt/R/4.5.1/lib/R/include" -DNDEBUG -I/usr/include/x86_64-linux-gnu/ImageMagick-6 -I/usr/include/ImageMagick-6 -fopenmp -DMAGICKCORE_HDRI_ENABLE=0 -DMAGICKCORE_QUANTUM_DEPTH=16  -I'/home/runner/work/_temp/Library/Rcpp/include' -I/usr/local/include   -fvisibility=hidden -fpic  -g -O2   -c animation.cpp -o animation.o
g++ -std=gnu++17 -I"/opt/R/4.5.1/lib/R/include" -DNDEBUG -I/usr/include/x86_64-linux-gnu/ImageMagick-6 -I/usr/include/ImageMagick-6 -fopenmp -DMAGICKCORE_HDRI_ENABLE=0 -DMAGICKCORE_QUANTUM_DEPTH=16  -I'/home/runner/work/_temp/Library/Rcpp/include' -I/usr/local/include   -fvisibility=hidden -fpic  -g -O2   -c attributes.cpp -o attributes.o
g++ -std=gnu++17 -I"/opt/R/4.5.1/lib/R/include" -DNDEBUG -I/usr/include/x86_64-linux-gnu/ImageMagick-6 -I/usr/include/ImageMagick-6 -fopenmp -DMAGICKCORE_HDRI_ENABLE=0 -DMAGICKCORE_QUANTUM_DEPTH=16  -I'/home/runner/work/_temp/Library/Rcpp/include' -I/usr/local/include   -fvisibility=hidden -fpic  -g -O2   -c base.cpp -o base.o
g++ -std=gnu++17 -I"/opt/R/4.5.1/lib/R/include" -DNDEBUG -I/usr/include/x86_64-linux-gnu/ImageMagick-6 -I/usr/include/ImageMagick-6 -fopenmp -DMAGICKCORE_HDRI_ENABLE=0 -DMAGICKCORE_QUANTUM_DEPTH=16  -I'/home/runner/work/_temp/Library/Rcpp/include' -I/usr/local/include   -fvisibility=hidden -fpic  -g -O2   -c color.cpp -o color.o
g++ -std=gnu++17 -I"/opt/R/4.5.1/lib/R/include" -DNDEBUG -I/usr/include/x86_64-linux-gnu/ImageMagick-6 -I/usr/include/ImageMagick-6 -fopenmp -DMAGICKCORE_HDRI_ENABLE=0 -DMAGICKCORE_QUANTUM_DEPTH=16  -I'/home/runner/work/_temp/Library/Rcpp/include' -I/usr/local/include   -fvisibility=hidden -fpic  -g -O2   -c composite.cpp -o composite.o
g++ -std=gnu++17 -I"/opt/R/4.5.1/lib/R/include" -DNDEBUG -I/usr/include/x86_64-linux-gnu/ImageMagick-6 -I/usr/include/ImageMagick-6 -fopenmp -DMAGICKCORE_HDRI_ENABLE=0 -DMAGICKCORE_QUANTUM_DEPTH=16  -I'/home/runner/work/_temp/Library/Rcpp/include' -I/usr/local/include   -fvisibility=hidden -fpic  -g -O2   -c config.cc -o config.o
g++ -std=gnu++17 -I"/opt/R/4.5.1/lib/R/include" -DNDEBUG -I/usr/include/x86_64-linux-gnu/ImageMagick-6 -I/usr/include/ImageMagick-6 -fopenmp -DMAGICKCORE_HDRI_ENABLE=0 -DMAGICKCORE_QUANTUM_DEPTH=16  -I'/home/runner/work/_temp/Library/Rcpp/include' -I/usr/local/include   -fvisibility=hidden -fpic  -g -O2   -c convolve.cpp -o convolve.o
g++ -std=gnu++17 -I"/opt/R/4.5.1/lib/R/include" -DNDEBUG -I/usr/include/x86_64-linux-gnu/ImageMagick-6 -I/usr/include/ImageMagick-6 -fopenmp -DMAGICKCORE_HDRI_ENABLE=0 -DMAGICKCORE_QUANTUM_DEPTH=16  -I'/home/runner/work/_temp/Library/Rcpp/include' -I/usr/local/include   -fvisibility=hidden -fpic  -g -O2   -c device.cpp -o device.o
g++ -std=gnu++17 -I"/opt/R/4.5.1/lib/R/include" -DNDEBUG -I/usr/include/x86_64-linux-gnu/ImageMagick-6 -I/usr/include/ImageMagick-6 -fopenmp -DMAGICKCORE_HDRI_ENABLE=0 -DMAGICKCORE_QUANTUM_DEPTH=16  -I'/home/runner/work/_temp/Library/Rcpp/include' -I/usr/local/include   -fvisibility=hidden -fpic  -g -O2   -c edges.cpp -o edges.o
g++ -std=gnu++17 -I"/opt/R/4.5.1/lib/R/include" -DNDEBUG -I/usr/include/x86_64-linux-gnu/ImageMagick-6 -I/usr/include/ImageMagick-6 -fopenmp -DMAGICKCORE_HDRI_ENABLE=0 -DMAGICKCORE_QUANTUM_DEPTH=16  -I'/home/runner/work/_temp/Library/Rcpp/include' -I/usr/local/include   -fvisibility=hidden -fpic  -g -O2   -c edit.cpp -o edit.o
g++ -std=gnu++17 -I"/opt/R/4.5.1/lib/R/include" -DNDEBUG -I/usr/include/x86_64-linux-gnu/ImageMagick-6 -I/usr/include/ImageMagick-6 -fopenmp -DMAGICKCORE_HDRI_ENABLE=0 -DMAGICKCORE_QUANTUM_DEPTH=16  -I'/home/runner/work/_temp/Library/Rcpp/include' -I/usr/local/include   -fvisibility=hidden -fpic  -g -O2   -c fonts.cpp -o fonts.o
g++ -std=gnu++17 -I"/opt/R/4.5.1/lib/R/include" -DNDEBUG -I/usr/include/x86_64-linux-gnu/ImageMagick-6 -I/usr/include/ImageMagick-6 -fopenmp -DMAGICKCORE_HDRI_ENABLE=0 -DMAGICKCORE_QUANTUM_DEPTH=16  -I'/home/runner/work/_temp/Library/Rcpp/include' -I/usr/local/include   -fvisibility=hidden -fpic  -g -O2   -c options.cpp -o options.o
g++ -std=gnu++17 -I"/opt/R/4.5.1/lib/R/include" -DNDEBUG -I/usr/include/x86_64-linux-gnu/ImageMagick-6 -I/usr/include/ImageMagick-6 -fopenmp -DMAGICKCORE_HDRI_ENABLE=0 -DMAGICKCORE_QUANTUM_DEPTH=16  -I'/home/runner/work/_temp/Library/Rcpp/include' -I/usr/local/include   -fvisibility=hidden -fpic  -g -O2   -c properties.cpp -o properties.o
g++ -std=gnu++17 -I"/opt/R/4.5.1/lib/R/include" -DNDEBUG -I/usr/include/x86_64-linux-gnu/ImageMagick-6 -I/usr/include/ImageMagick-6 -fopenmp -DMAGICKCORE_HDRI_ENABLE=0 -DMAGICKCORE_QUANTUM_DEPTH=16  -I'/home/runner/work/_temp/Library/Rcpp/include' -I/usr/local/include   -fvisibility=hidden -fpic  -g -O2   -c resize.cpp -o resize.o
g++ -std=gnu++17 -I"/opt/R/4.5.1/lib/R/include" -DNDEBUG -I/usr/include/x86_64-linux-gnu/ImageMagick-6 -I/usr/include/ImageMagick-6 -fopenmp -DMAGICKCORE_HDRI_ENABLE=0 -DMAGICKCORE_QUANTUM_DEPTH=16  -I'/home/runner/work/_temp/Library/Rcpp/include' -I/usr/local/include   -fvisibility=hidden -fpic  -g -O2   -c segment.cpp -o segment.o
g++ -std=gnu++17 -I"/opt/R/4.5.1/lib/R/include" -DNDEBUG -I/usr/include/x86_64-linux-gnu/ImageMagick-6 -I/usr/include/ImageMagick-6 -fopenmp -DMAGICKCORE_HDRI_ENABLE=0 -DMAGICKCORE_QUANTUM_DEPTH=16  -I'/home/runner/work/_temp/Library/Rcpp/include' -I/usr/local/include   -fvisibility=hidden -fpic  -g -O2   -c transformations.cpp -o transformations.o
g++ -std=gnu++17 -shared -L/opt/R/4.5.1/lib/R/lib -L/usr/local/lib -o magick.so RcppExports.o animation.o attributes.o base.o color.o composite.o config.o convolve.o device.o edges.o edit.o fonts.o options.o properties.o resize.o segment.o transformations.o -lMagick++-6.Q16 -lMagickWand-6.Q16 -lMagickCore-6.Q16 -L/opt/R/4.5.1/lib/R/lib -lR
installing to /home/runner/work/_temp/Library/00LOCK-magick/00new/magick/libs
** R
** inst
** byte-compile and prepare package for lazy loading
** help
*** installing help indices
** building package indices
** installing vignettes
** testing if installed package can be loaded from temporary location
** checking absolute paths in shared objects and dynamic libraries
** testing if installed package can be loaded from final location
** testing if installed package keeps a record of temporary installation path
* DONE (magick)
* installing *source* package ‘ScaledMatrix’ ...
** this is package ‘ScaledMatrix’ version ‘1.16.0’
** using staged installation
** R
** inst
** byte-compile and prepare package for lazy loading
** help
*** installing help indices
** building package indices
** installing vignettes
** testing if installed package can be loaded from temporary location
** testing if installed package can be loaded from final location
** testing if installed package keeps a record of temporary installation path
* DONE (ScaledMatrix)
* installing *source* package ‘irlba’ ...
** this is package ‘irlba’ version ‘2.3.5.1’
** package ‘irlba’ successfully unpacked and MD5 sums checked
** using staged installation
** libs
using C compiler: ‘gcc (Ubuntu 13.3.0-6ubuntu2~24.04) 13.3.0’
gcc -std=gnu2x -I"/opt/R/4.5.1/lib/R/include" -DNDEBUG  -I'/opt/R/4.5.1/lib/R/library/Matrix/include' -I/usr/local/include    -fpic  -g -O2  -c irlb.c -o irlb.o
gcc -std=gnu2x -I"/opt/R/4.5.1/lib/R/include" -DNDEBUG  -I'/opt/R/4.5.1/lib/R/library/Matrix/include' -I/usr/local/include    -fpic  -g -O2  -c utility.c -o utility.o
gcc -std=gnu2x -shared -L/opt/R/4.5.1/lib/R/lib -L/usr/local/lib -o irlba.so irlb.o utility.o -llapack -lblas -lgfortran -lm -lquadmath -L/opt/R/4.5.1/lib/R/lib -lR
installing to /home/runner/work/_temp/Library/00LOCK-irlba/00new/irlba/libs
** R
** inst
** byte-compile and prepare package for lazy loading
** help
*** installing help indices
** building package indices
** installing vignettes
** testing if installed package can be loaded from temporary location
** checking absolute paths in shared objects and dynamic libraries
** testing if installed package can be loaded from final location
** testing if installed package keeps a record of temporary installation path
* DONE (irlba)
* installing *source* package ‘rsvd’ ...
** this is package ‘rsvd’ version ‘1.0.5’
** package ‘rsvd’ successfully unpacked and MD5 sums checked
** using staged installation
** R
** data
*** moving datasets to lazyload DB
** inst
** byte-compile and prepare package for lazy loading
** help
*** installing help indices
** building package indices
** testing if installed package can be loaded from temporary location
** testing if installed package can be loaded from final location
** testing if installed package keeps a record of temporary installation path
* DONE (rsvd)
* installing *source* package ‘assorthead’ ...
** this is package ‘assorthead’ version ‘1.2.0’
** using staged installation
** inst
** help
No man pages found in package  ‘assorthead’ 
*** installing help indices
** building package indices
** installing vignettes
** testing if installed package can be loaded from temporary location
** testing if installed package can be loaded from final location
** testing if installed package keeps a record of temporary installation path
* DONE (assorthead)
* installing *source* package ‘SingleCellExperiment’ ...
** this is package ‘SingleCellExperiment’ version ‘1.30.1’
** using staged installation
** R
** inst
** byte-compile and prepare package for lazy loading
** help
*** installing help indices
** building package indices
** installing vignettes
** testing if installed package can be loaded from temporary location
** testing if installed package can be loaded from final location
** testing if installed package keeps a record of temporary installation path
* DONE (SingleCellExperiment)
* installing *source* package ‘beachmat’ ...
** this is package ‘beachmat’ version ‘2.24.0’
** using staged installation
** libs
using C++ compiler: ‘g++ (Ubuntu 13.3.0-6ubuntu2~24.04) 13.3.0’
using C++17
g++ -std=gnu++17 -I"/opt/R/4.5.1/lib/R/include" -DNDEBUG -I../inst/include -I'/home/runner/work/_temp/Library/Rcpp/include' -I'/home/runner/work/_temp/Library/assorthead/include' -I/usr/local/include    -fpic  -g -O2   -c RcppExports.cpp -o RcppExports.o
g++ -std=gnu++17 -I"/opt/R/4.5.1/lib/R/include" -DNDEBUG -I../inst/include -I'/home/runner/work/_temp/Library/Rcpp/include' -I'/home/runner/work/_temp/Library/assorthead/include' -I/usr/local/include    -fpic  -g -O2   -c constant_matrix.cpp -o constant_matrix.o
g++ -std=gnu++17 -I"/opt/R/4.5.1/lib/R/include" -DNDEBUG -I../inst/include -I'/home/runner/work/_temp/Library/Rcpp/include' -I'/home/runner/work/_temp/Library/assorthead/include' -I/usr/local/include    -fpic  -g -O2   -c delayed_isometric_binary.cpp -o delayed_isometric_binary.o
g++ -std=gnu++17 -I"/opt/R/4.5.1/lib/R/include" -DNDEBUG -I../inst/include -I'/home/runner/work/_temp/Library/Rcpp/include' -I'/home/runner/work/_temp/Library/assorthead/include' -I/usr/local/include    -fpic  -g -O2   -c delayed_isometric_math.cpp -o delayed_isometric_math.o
g++ -std=gnu++17 -I"/opt/R/4.5.1/lib/R/include" -DNDEBUG -I../inst/include -I'/home/runner/work/_temp/Library/Rcpp/include' -I'/home/runner/work/_temp/Library/assorthead/include' -I/usr/local/include    -fpic  -g -O2   -c delayed_isometric_unary.cpp -o delayed_isometric_unary.o
g++ -std=gnu++17 -I"/opt/R/4.5.1/lib/R/include" -DNDEBUG -I../inst/include -I'/home/runner/work/_temp/Library/Rcpp/include' -I'/home/runner/work/_temp/Library/assorthead/include' -I/usr/local/include    -fpic  -g -O2   -c delayed_other.cpp -o delayed_other.o
g++ -std=gnu++17 -I"/opt/R/4.5.1/lib/R/include" -DNDEBUG -I../inst/include -I'/home/runner/work/_temp/Library/Rcpp/include' -I'/home/runner/work/_temp/Library/assorthead/include' -I/usr/local/include    -fpic  -g -O2   -c dense_matrix.cpp -o dense_matrix.o
g++ -std=gnu++17 -I"/opt/R/4.5.1/lib/R/include" -DNDEBUG -I../inst/include -I'/home/runner/work/_temp/Library/Rcpp/include' -I'/home/runner/work/_temp/Library/assorthead/include' -I/usr/local/include    -fpic  -g -O2   -c fragment_sparse_rows.cpp -o fragment_sparse_rows.o
g++ -std=gnu++17 -I"/opt/R/4.5.1/lib/R/include" -DNDEBUG -I../inst/include -I'/home/runner/work/_temp/Library/Rcpp/include' -I'/home/runner/work/_temp/Library/assorthead/include' -I/usr/local/include    -fpic  -g -O2   -c na_cast.cpp -o na_cast.o
g++ -std=gnu++17 -I"/opt/R/4.5.1/lib/R/include" -DNDEBUG -I../inst/include -I'/home/runner/work/_temp/Library/Rcpp/include' -I'/home/runner/work/_temp/Library/assorthead/include' -I/usr/local/include    -fpic  -g -O2   -c sparse_matrix.cpp -o sparse_matrix.o
g++ -std=gnu++17 -I"/opt/R/4.5.1/lib/R/include" -DNDEBUG -I../inst/include -I'/home/runner/work/_temp/Library/Rcpp/include' -I'/home/runner/work/_temp/Library/assorthead/include' -I/usr/local/include    -fpic  -g -O2   -c tatami_utils.cpp -o tatami_utils.o
g++ -std=gnu++17 -I"/opt/R/4.5.1/lib/R/include" -DNDEBUG -I../inst/include -I'/home/runner/work/_temp/Library/Rcpp/include' -I'/home/runner/work/_temp/Library/assorthead/include' -I/usr/local/include    -fpic  -g -O2   -c unknown_matrix.cpp -o unknown_matrix.o
g++ -std=gnu++17 -shared -L/opt/R/4.5.1/lib/R/lib -L/usr/local/lib -o beachmat.so RcppExports.o constant_matrix.o delayed_isometric_binary.o delayed_isometric_math.o delayed_isometric_unary.o delayed_other.o dense_matrix.o fragment_sparse_rows.o na_cast.o sparse_matrix.o tatami_utils.o unknown_matrix.o -L/opt/R/4.5.1/lib/R/lib -lR
installing to /home/runner/work/_temp/Library/00LOCK-beachmat/00new/beachmat/libs
** R
** inst
** byte-compile and prepare package for lazy loading
** help
*** installing help indices
** building package indices
** installing vignettes
** testing if installed package can be loaded from temporary location
** checking absolute paths in shared objects and dynamic libraries
** testing if installed package can be loaded from final location
** testing if installed package keeps a record of temporary installation path
* DONE (beachmat)
* installing *source* package ‘GSEABase’ ...
** this is package ‘GSEABase’ version ‘1.70.1’
** using staged installation
** R
** inst
** byte-compile and prepare package for lazy loading
** help
*** installing help indices
** building package indices
** installing vignettes
** testing if installed package can be loaded from temporary location
** testing if installed package can be loaded from final location
** testing if installed package keeps a record of temporary installation path
* DONE (GSEABase)
* installing *source* package ‘SpatialExperiment’ ...
** this is package ‘SpatialExperiment’ version ‘1.18.1’
** using staged installation
** R
** inst
** byte-compile and prepare package for lazy loading
** help
*** installing help indices
** building package indices
** installing vignettes
** testing if installed package can be loaded from temporary location
** testing if installed package can be loaded from final location
** testing if installed package keeps a record of temporary installation path
* DONE (SpatialExperiment)
* installing *source* package ‘BiocSingular’ ...
** this is package ‘BiocSingular’ version ‘1.24.0’
** using staged installation
** libs
using C++ compiler: ‘g++ (Ubuntu 13.3.0-6ubuntu2~24.04) 13.3.0’
using C++17
g++ -std=gnu++17 -I"/opt/R/4.5.1/lib/R/include" -DNDEBUG  -I'/home/runner/work/_temp/Library/Rcpp/include' -I'/home/runner/work/_temp/Library/beachmat/include' -I'/home/runner/work/_temp/Library/assorthead/include' -I/usr/local/include    -fpic  -g -O2   -c RcppExports.cpp -o RcppExports.o
g++ -std=gnu++17 -I"/opt/R/4.5.1/lib/R/include" -DNDEBUG  -I'/home/runner/work/_temp/Library/Rcpp/include' -I'/home/runner/work/_temp/Library/beachmat/include' -I'/home/runner/work/_temp/Library/assorthead/include' -I/usr/local/include    -fpic  -g -O2   -c compute_scale.cpp -o compute_scale.o
g++ -std=gnu++17 -shared -L/opt/R/4.5.1/lib/R/lib -L/usr/local/lib -o BiocSingular.so RcppExports.o compute_scale.o -L/opt/R/4.5.1/lib/R/lib -lR
installing to /home/runner/work/_temp/Library/00LOCK-BiocSingular/00new/BiocSingular/libs
** R
** inst
** byte-compile and prepare package for lazy loading
** help
*** installing help indices
** building package indices
** installing vignettes
** testing if installed package can be loaded from temporary location
** checking absolute paths in shared objects and dynamic libraries
** testing if installed package can be loaded from final location
** testing if installed package keeps a record of temporary installation path
* DONE (BiocSingular)
* installing *source* package ‘GSVA’ ...
** this is package ‘GSVA’ version ‘2.2.0’
** using staged installation
** libs
using C compiler: ‘gcc (Ubuntu 13.3.0-6ubuntu2~24.04) 13.3.0’
gcc -std=gnu2x -I"/opt/R/4.5.1/lib/R/include" -DNDEBUG  -I'/home/runner/work/_temp/Library/cli/include' -I/usr/local/include    -fpic  -g -O2  -c ecdfvals.c -o ecdfvals.o
gcc -std=gnu2x -I"/opt/R/4.5.1/lib/R/include" -DNDEBUG  -I'/home/runner/work/_temp/Library/cli/include' -I/usr/local/include    -fpic  -g -O2  -c kcdfvals.c -o kcdfvals.o
gcc -std=gnu2x -I"/opt/R/4.5.1/lib/R/include" -DNDEBUG  -I'/home/runner/work/_temp/Library/cli/include' -I/usr/local/include    -fpic  -g -O2  -c kernel_estimation.c -o kernel_estimation.o
gcc -std=gnu2x -I"/opt/R/4.5.1/lib/R/include" -DNDEBUG  -I'/home/runner/work/_temp/Library/cli/include' -I/usr/local/include    -fpic  -g -O2  -c ks_test.c -o ks_test.o
gcc -std=gnu2x -I"/opt/R/4.5.1/lib/R/include" -DNDEBUG  -I'/home/runner/work/_temp/Library/cli/include' -I/usr/local/include    -fpic  -g -O2  -c register_cmethods.c -o register_cmethods.o
gcc -std=gnu2x -I"/opt/R/4.5.1/lib/R/include" -DNDEBUG  -I'/home/runner/work/_temp/Library/cli/include' -I/usr/local/include    -fpic  -g -O2  -c utils.c -o utils.o
gcc -std=gnu2x -shared -L/opt/R/4.5.1/lib/R/lib -L/usr/local/lib -o GSVA.so ecdfvals.o kcdfvals.o kernel_estimation.o ks_test.o register_cmethods.o utils.o -L/opt/R/4.5.1/lib/R/lib -lR
installing to /home/runner/work/_temp/Library/00LOCK-GSVA/00new/GSVA/libs
** R
** inst
** byte-compile and prepare package for lazy loading
** help
*** installing help indices
** building package indices
** installing vignettes
** testing if installed package can be loaded from temporary location
** checking absolute paths in shared objects and dynamic libraries
** testing if installed package can be loaded from final location
** testing if installed package keeps a record of temporary installation path
* DONE (GSVA)

The downloaded source packages are in
	‘/tmp/Rtmp8ze0TK/downloaded_packages’
Successfully installed: GSVA 
Package already installed: ComplexHeatmap 
Package already installed: circlize 

Installing estimate package (special procedure)...
Installing estimate package (special installation)...
trying URL 'https://bioinformatics.mdanderson.org/estimate/estimate_1.0.13.tar.gz'
Source installation failed: cannot open URL 'https://bioinformatics.mdanderson.org/estimate/estimate_1.0.13.tar.gz' 
Installing package into ‘/home/runner/work/_temp/Library’
(as ‘lib’ is unspecified)
Warning: unable to access index for repository http://r-forge.r-project.org/src/contrib:
  cannot open URL 'http://r-forge.r-project.org/src/contrib/PACKAGES'
Successfully installed estimate from R-Forge
Warning messages:
1: In download.file("https://bioinformatics.mdanderson.org/estimate/estimate_1.0.13.tar.gz",  :
  downloaded length 0 != reported length 8718
2: In download.file("https://bioinformatics.mdanderson.org/estimate/estimate_1.0.13.tar.gz",  :
  cannot open URL 'https://bioinformatics.mdanderson.org/estimate/estimate_1.0.13.tar.gz': HTTP status was '404 Not Found'
3: package ‘estimate’ is not available for this version of R

A version of this package for your version of R might be available elsewhere,
see the ideas at
https://cran.r-project.org/doc/manuals/r-patched/R-admin.html#Installing-packages 

Checking ComplexHeatmap version...
ComplexHeatmap version: 2.24.1 
ComplexHeatmap version is sufficient (>= 2.8.0)

===========================================
Package installation completed!

Verifying package installation:
✓ viridis is installed
✓ gplots is installed
✓ data.table is installed
✓ GSVA is installed
✓ ComplexHeatmap is installed
✓ circlize is installed
✗ estimate is NOT installed

Important: estimate package installation may have failed.
You can try manual installation:
1. Download from: https://bioinformatics.mdanderson.org/estimate/estimate_1.0.13.tar.gz
2. Install with: install.packages('path/to/estimate_1.0.13.tar.gz', repos = NULL, type = 'source')

You can now run your R scripts in this directory.
